[debug] [2023-11-19T17:47:13.869Z] ----------------------------------------------------------------------
[debug] [2023-11-19T17:47:13.871Z] Command:       /usr/local/bin/node /usr/local/bin/firebase serve
[debug] [2023-11-19T17:47:13.871Z] CLI Version:   12.9.1
[debug] [2023-11-19T17:47:13.871Z] Platform:      darwin
[debug] [2023-11-19T17:47:13.871Z] Node Version:  v18.17.1
[debug] [2023-11-19T17:47:13.872Z] Time:          Sun Nov 19 2023 11:47:13 GMT-0600 (Central Standard Time)
[debug] [2023-11-19T17:47:13.872Z] ----------------------------------------------------------------------
[debug] 
[debug] [2023-11-19T17:47:13.997Z] > command requires scopes: ["email","openid","https://www.googleapis.com/auth/cloudplatformprojects.readonly","https://www.googleapis.com/auth/firebase","https://www.googleapis.com/auth/cloud-platform"]
[debug] [2023-11-19T17:47:13.998Z] > authorizing via signed-in user (syed.mo.rahman@gmail.com)
[debug] [2023-11-19T17:47:13.998Z] [iam] checking project mealstogo-798f9 for permissions ["firebase.projects.get"]
[debug] [2023-11-19T17:47:14.000Z] >>> [apiv2][query] POST https://cloudresourcemanager.googleapis.com/v1/projects/mealstogo-798f9:testIamPermissions [none]
[debug] [2023-11-19T17:47:14.000Z] >>> [apiv2][(partial)header] POST https://cloudresourcemanager.googleapis.com/v1/projects/mealstogo-798f9:testIamPermissions x-goog-quota-user=projects/mealstogo-798f9
[debug] [2023-11-19T17:47:14.001Z] >>> [apiv2][body] POST https://cloudresourcemanager.googleapis.com/v1/projects/mealstogo-798f9:testIamPermissions {"permissions":["firebase.projects.get"]}
[debug] [2023-11-19T17:47:14.337Z] <<< [apiv2][status] POST https://cloudresourcemanager.googleapis.com/v1/projects/mealstogo-798f9:testIamPermissions 200
[debug] [2023-11-19T17:47:14.338Z] <<< [apiv2][body] POST https://cloudresourcemanager.googleapis.com/v1/projects/mealstogo-798f9:testIamPermissions {"permissions":["firebase.projects.get"]}
[debug] [2023-11-19T17:47:14.339Z] >>> [apiv2][query] GET https://firebase.googleapis.com/v1beta1/projects/mealstogo-798f9 [none]
[debug] [2023-11-19T17:47:14.891Z] <<< [apiv2][status] GET https://firebase.googleapis.com/v1beta1/projects/mealstogo-798f9 200
[debug] [2023-11-19T17:47:14.892Z] <<< [apiv2][body] GET https://firebase.googleapis.com/v1beta1/projects/mealstogo-798f9 {"projectId":"mealstogo-798f9","projectNumber":"425025172023","displayName":"MealstoGo","name":"projects/mealstogo-798f9","resources":{"hostingSite":"mealstogo-798f9"},"state":"ACTIVE","etag":"1_18793208-2fe6-4558-b3dc-2842e6cb5deb"}
[info] 
[info] === Serving from '/Users/syed/Documents/React2023/mealsToGo'...
[info] 
[debug] [2023-11-19T17:47:14.897Z] defaultcredentials: writing to file /Users/syed/.config/firebase/syed_mo.rahman_gmail.com_application_default_credentials.json
[debug] [2023-11-19T17:47:14.899Z] Setting GAC to /Users/syed/.config/firebase/syed_mo.rahman_gmail.com_application_default_credentials.json {"metadata":{"emulator":{"name":"functions"},"message":"Setting GAC to /Users/syed/.config/firebase/syed_mo.rahman_gmail.com_application_default_credentials.json"}}
[debug] [2023-11-19T17:47:14.899Z] >>> [apiv2][query] GET https://firebase.googleapis.com/v1beta1/projects/mealstogo-798f9/adminSdkConfig [none]
[debug] [2023-11-19T17:47:15.348Z] <<< [apiv2][status] GET https://firebase.googleapis.com/v1beta1/projects/mealstogo-798f9/adminSdkConfig 200
[debug] [2023-11-19T17:47:15.349Z] <<< [apiv2][body] GET https://firebase.googleapis.com/v1beta1/projects/mealstogo-798f9/adminSdkConfig {"projectId":"mealstogo-798f9","storageBucket":"mealstogo-798f9.appspot.com"}
[info] i  functions: Watching "/Users/syed/Documents/React2023/mealsToGo/functions" for Cloud Functions... {"metadata":{"emulator":{"name":"functions"},"message":"Watching \"/Users/syed/Documents/React2023/mealsToGo/functions\" for Cloud Functions..."}}
[debug] [2023-11-19T17:47:15.384Z] Validating nodejs source
[debug] [2023-11-19T17:47:16.238Z] > [functions] package.json contents: {
  "name": "functions",
  "description": "Cloud Functions for Firebase",
  "scripts": {
    "serve": "firebase emulators:start --only functions",
    "shell": "firebase functions:shell",
    "start": "npm run shell",
    "deploy": "firebase deploy --only functions",
    "logs": "firebase functions:log"
  },
  "engines": {
    "node": "18"
  },
  "main": "index.js",
  "dependencies": {
    "firebase-admin": "^11.8.0",
    "firebase-functions": "^4.3.1"
  },
  "devDependencies": {
    "firebase-functions-test": "^3.1.0"
  },
  "private": true
}
[debug] [2023-11-19T17:47:16.238Z] Building nodejs source
[debug] [2023-11-19T17:47:16.239Z] Failed to find version of module node: reached end of search path /Users/syed/Documents/React2023/mealsToGo/functions/node_modules
[info] ✔  functions: Using node@18 from host. 
[debug] [2023-11-19T17:47:16.241Z] Could not find functions.yaml. Must use http discovery
[debug] [2023-11-19T17:47:16.248Z] Found firebase-functions binary at '/Users/syed/Documents/React2023/mealsToGo/functions/node_modules/.bin/firebase-functions'
[info] Serving at port 8166

[debug] [2023-11-19T17:47:16.645Z] Got response from /__/functions.yaml {"endpoints":{"geoCode":{"availableMemoryMb":null,"timeoutSeconds":null,"minInstances":null,"maxInstances":null,"ingressSettings":null,"concurrency":null,"serviceAccountEmail":null,"vpc":null,"platform":"gcfv2","labels":{},"httpsTrigger":{},"entryPoint":"geoCode"},"placesNearby":{"availableMemoryMb":null,"timeoutSeconds":null,"minInstances":null,"maxInstances":null,"ingressSettings":null,"concurrency":null,"serviceAccountEmail":null,"vpc":null,"platform":"gcfv2","labels":{},"httpsTrigger":{},"entryPoint":"placesNearby"}},"specVersion":"v1alpha1","requiredAPIs":[]}
[info] ✔  functions: Loaded functions definitions from source: geoCode, placesNearby. {"metadata":{"emulator":{"name":"functions"},"message":"Loaded functions definitions from source: geoCode, placesNearby."}}
[info] ✔  functions[us-central1-geoCode]: http function initialized (http://localhost:5000/mealstogo-798f9/us-central1/geoCode). {"metadata":{"emulator":{"name":"functions"},"message":"\u001b[1mhttp\u001b[22m function initialized (http://localhost:5000/mealstogo-798f9/us-central1/geoCode)."}}
[info] ✔  functions[us-central1-placesNearby]: http function initialized (http://localhost:5000/mealstogo-798f9/us-central1/placesNearby). {"metadata":{"emulator":{"name":"functions"},"message":"\u001b[1mhttp\u001b[22m function initialized (http://localhost:5000/mealstogo-798f9/us-central1/placesNearby)."}}
[debug] [2023-11-19T17:47:51.699Z] [work-queue] {"queuedWork":["/mealstogo-798f9/us-central1/placesNearby-2023-11-19T17:47:51.699Z"],"queueLength":1,"runningWork":[],"workRunningCount":0}
[debug] [2023-11-19T17:47:51.700Z] [work-queue] {"queuedWork":[],"queueLength":0,"runningWork":["/mealstogo-798f9/us-central1/placesNearby-2023-11-19T17:47:51.699Z"],"workRunningCount":1}
[debug] [2023-11-19T17:47:51.700Z] Accepted request GET /mealstogo-798f9/us-central1/placesNearby?location=51.219448,4.402464 --> us-central1-placesNearby
[debug] [2023-11-19T17:47:51.703Z] [functions] Runtime ready! Sending request! {"metadata":{"emulator":{"name":"functions"},"message":"[functions] Runtime ready! Sending request!"}}
[debug] [2023-11-19T17:47:51.703Z] [functions] Got req.url=/mealstogo-798f9/us-central1/placesNearby?location=51.219448,4.402464, mapping to path=/?location=51.219448,4.402464 {"metadata":{"emulator":{"name":"functions"},"message":"[functions] Got req.url=/mealstogo-798f9/us-central1/placesNearby?location=51.219448,4.402464, mapping to path=/?location=51.219448,4.402464"}}
[debug] [2023-11-19T17:47:51.706Z] [worker-pool] addWorker(us-central1-placesNearby) {"metadata":{"emulator":{"name":"functions"},"message":"[worker-pool] addWorker(us-central1-placesNearby)"}}
[debug] [2023-11-19T17:47:51.707Z] [worker-pool] Adding worker with key us-central1-placesNearby, total=1 {"metadata":{"emulator":{"name":"functions"},"message":"[worker-pool] Adding worker with key us-central1-placesNearby, total=1"}}
[debug] [2023-11-19T17:47:52.925Z] [runtime-status] [43618] Resolved module firebase-admin {"declared":true,"installed":true,"version":"11.11.0","resolution":"/Users/syed/Documents/React2023/mealsToGo/functions/node_modules/firebase-admin/lib/index.js"} {"metadata":{"emulator":{"name":"functions"},"function":{"name":"us-central1-placesNearby"},"extension":{},"message":"[runtime-status] [43618] Resolved module firebase-admin {\"declared\":true,\"installed\":true,\"version\":\"11.11.0\",\"resolution\":\"/Users/syed/Documents/React2023/mealsToGo/functions/node_modules/firebase-admin/lib/index.js\"}"}}
[debug] [2023-11-19T17:47:52.925Z] [runtime-status] [43618] Resolved module firebase-functions {"declared":true,"installed":true,"version":"4.5.0","resolution":"/Users/syed/Documents/React2023/mealsToGo/functions/node_modules/firebase-functions/lib/v1/index.js"} {"metadata":{"emulator":{"name":"functions"},"function":{"name":"us-central1-placesNearby"},"extension":{},"message":"[runtime-status] [43618] Resolved module firebase-functions {\"declared\":true,\"installed\":true,\"version\":\"4.5.0\",\"resolution\":\"/Users/syed/Documents/React2023/mealsToGo/functions/node_modules/firebase-functions/lib/v1/index.js\"}"}}
[debug] [2023-11-19T17:47:52.925Z] [runtime-status] [43618] Outgoing network have been stubbed. [{"name":"http","status":"mocked"},{"name":"http","status":"mocked"},{"name":"https","status":"mocked"},{"name":"https","status":"mocked"},{"name":"net","status":"mocked"}] {"metadata":{"emulator":{"name":"functions"},"function":{"name":"us-central1-placesNearby"},"extension":{},"message":"[runtime-status] [43618] Outgoing network have been stubbed. [{\"name\":\"http\",\"status\":\"mocked\"},{\"name\":\"http\",\"status\":\"mocked\"},{\"name\":\"https\",\"status\":\"mocked\"},{\"name\":\"https\",\"status\":\"mocked\"},{\"name\":\"net\",\"status\":\"mocked\"}]"}}
[debug] [2023-11-19T17:47:52.926Z] [runtime-status] [43618] Resolved module firebase-functions {"declared":true,"installed":true,"version":"4.5.0","resolution":"/Users/syed/Documents/React2023/mealsToGo/functions/node_modules/firebase-functions/lib/v1/index.js"} {"metadata":{"emulator":{"name":"functions"},"function":{"name":"us-central1-placesNearby"},"extension":{},"message":"[runtime-status] [43618] Resolved module firebase-functions {\"declared\":true,\"installed\":true,\"version\":\"4.5.0\",\"resolution\":\"/Users/syed/Documents/React2023/mealsToGo/functions/node_modules/firebase-functions/lib/v1/index.js\"}"}}
[debug] [2023-11-19T17:47:53.186Z] [runtime-status] [43618] Checked functions.config() {"config":{}} {"metadata":{"emulator":{"name":"functions"},"function":{"name":"us-central1-placesNearby"},"extension":{},"message":"[runtime-status] [43618] Checked functions.config() {\"config\":{}}"}}
[debug] [2023-11-19T17:47:53.186Z] [runtime-status] [43618] firebase-functions has been stubbed. {"functionsResolution":{"declared":true,"installed":true,"version":"4.5.0","resolution":"/Users/syed/Documents/React2023/mealsToGo/functions/node_modules/firebase-functions/lib/v1/index.js"}} {"metadata":{"emulator":{"name":"functions"},"function":{"name":"us-central1-placesNearby"},"extension":{},"message":"[runtime-status] [43618] firebase-functions has been stubbed. {\"functionsResolution\":{\"declared\":true,\"installed\":true,\"version\":\"4.5.0\",\"resolution\":\"/Users/syed/Documents/React2023/mealsToGo/functions/node_modules/firebase-functions/lib/v1/index.js\"}}"}}
[debug] [2023-11-19T17:47:53.187Z] [runtime-status] [43618] Resolved module firebase-functions {"declared":true,"installed":true,"version":"4.5.0","resolution":"/Users/syed/Documents/React2023/mealsToGo/functions/node_modules/firebase-functions/lib/v1/index.js"} {"metadata":{"emulator":{"name":"functions"},"function":{"name":"us-central1-placesNearby"},"extension":{},"message":"[runtime-status] [43618] Resolved module firebase-functions {\"declared\":true,\"installed\":true,\"version\":\"4.5.0\",\"resolution\":\"/Users/syed/Documents/React2023/mealsToGo/functions/node_modules/firebase-functions/lib/v1/index.js\"}"}}
[debug] [2023-11-19T17:47:53.188Z] [runtime-status] [43618] Resolved module firebase-admin {"declared":true,"installed":true,"version":"11.11.0","resolution":"/Users/syed/Documents/React2023/mealsToGo/functions/node_modules/firebase-admin/lib/index.js"} {"metadata":{"emulator":{"name":"functions"},"function":{"name":"us-central1-placesNearby"},"extension":{},"message":"[runtime-status] [43618] Resolved module firebase-admin {\"declared\":true,\"installed\":true,\"version\":\"11.11.0\",\"resolution\":\"/Users/syed/Documents/React2023/mealsToGo/functions/node_modules/firebase-admin/lib/index.js\"}"}}
[debug] [2023-11-19T17:47:53.190Z] [runtime-status] [43618] Resolved module firebase-functions {"declared":true,"installed":true,"version":"4.5.0","resolution":"/Users/syed/Documents/React2023/mealsToGo/functions/node_modules/firebase-functions/lib/v1/index.js"} {"metadata":{"emulator":{"name":"functions"},"function":{"name":"us-central1-placesNearby"},"extension":{},"message":"[runtime-status] [43618] Resolved module firebase-functions {\"declared\":true,\"installed\":true,\"version\":\"4.5.0\",\"resolution\":\"/Users/syed/Documents/React2023/mealsToGo/functions/node_modules/firebase-functions/lib/v1/index.js\"}"}}
[debug] [2023-11-19T17:47:53.190Z] [runtime-status] [43618] firebase-admin has been stubbed. {"adminResolution":{"declared":true,"installed":true,"version":"11.11.0","resolution":"/Users/syed/Documents/React2023/mealsToGo/functions/node_modules/firebase-admin/lib/index.js"}} {"metadata":{"emulator":{"name":"functions"},"function":{"name":"us-central1-placesNearby"},"extension":{},"message":"[runtime-status] [43618] firebase-admin has been stubbed. {\"adminResolution\":{\"declared\":true,\"installed\":true,\"version\":\"11.11.0\",\"resolution\":\"/Users/syed/Documents/React2023/mealsToGo/functions/node_modules/firebase-admin/lib/index.js\"}}"}}
[debug] [2023-11-19T17:47:53.211Z] [runtime-status] [43618] Functions runtime initialized. {"cwd":"/Users/syed/Documents/React2023/mealsToGo/functions","node_version":"18.17.1"} {"metadata":{"emulator":{"name":"functions"},"function":{"name":"us-central1-placesNearby"},"extension":{},"message":"[runtime-status] [43618] Functions runtime initialized. {\"cwd\":\"/Users/syed/Documents/React2023/mealsToGo/functions\",\"node_version\":\"18.17.1\"}"}}
[debug] [2023-11-19T17:47:53.211Z] [runtime-status] [43618] Listening to port: /var/folders/3_/1z131sjs7m54fltsgngxh2kh0000gn/T/fire_emu_48bb4ac88a1353a1.sock {"metadata":{"emulator":{"name":"functions"},"function":{"name":"us-central1-placesNearby"},"extension":{},"message":"[runtime-status] [43618] Listening to port: /var/folders/3_/1z131sjs7m54fltsgngxh2kh0000gn/T/fire_emu_48bb4ac88a1353a1.sock"}}
[debug] [2023-11-19T17:47:53.238Z] [worker-us-central1-placesNearby-b9a93ce3-481e-4afa-a6de-a636ebad28a1]: IDLE {"metadata":{"emulator":{"name":"functions"},"function":{"name":"us-central1-placesNearby"},"extension":{},"message":"[worker-us-central1-placesNearby-b9a93ce3-481e-4afa-a6de-a636ebad28a1]: IDLE"}}
[debug] [2023-11-19T17:47:53.239Z] [worker-pool] submitRequest(triggerId=us-central1-placesNearby) {"metadata":{"emulator":{"name":"functions"},"message":"[worker-pool] submitRequest(triggerId=us-central1-placesNearby)"}}
[info] i  functions: Beginning execution of "us-central1-placesNearby" {"metadata":{"emulator":{"name":"functions"},"function":{"name":"us-central1-placesNearby"},"extension":{},"message":"Beginning execution of \"us-central1-placesNearby\""}}
[debug] [2023-11-19T17:47:53.239Z] [worker-us-central1-placesNearby-b9a93ce3-481e-4afa-a6de-a636ebad28a1]: BUSY {"metadata":{"emulator":{"name":"functions"},"function":{"name":"us-central1-placesNearby"},"extension":{},"message":"[worker-us-central1-placesNearby-b9a93ce3-481e-4afa-a6de-a636ebad28a1]: BUSY"}}
[debug] [2023-11-19T17:47:53.247Z] Finishing up request with event=pause {"metadata":{"emulator":{"name":"functions"},"function":{"name":"us-central1-placesNearby"},"extension":{},"message":"Finishing up request with event=pause"}}
[info] i  functions: Finished "us-central1-placesNearby" in 7.683576ms {"metadata":{"emulator":{"name":"functions"},"function":{"name":"us-central1-placesNearby"},"extension":{},"message":"Finished \"us-central1-placesNearby\" in 7.683576ms"}}
[debug] [2023-11-19T17:47:53.247Z] [worker-us-central1-placesNearby-b9a93ce3-481e-4afa-a6de-a636ebad28a1]: IDLE {"metadata":{"emulator":{"name":"functions"},"function":{"name":"us-central1-placesNearby"},"extension":{},"message":"[worker-us-central1-placesNearby-b9a93ce3-481e-4afa-a6de-a636ebad28a1]: IDLE"}}
[debug] [2023-11-19T17:47:53.247Z] Finishing up request with event=finish {"metadata":{"emulator":{"name":"functions"},"function":{"name":"us-central1-placesNearby"},"extension":{},"message":"Finishing up request with event=finish"}}
[debug] [2023-11-19T17:47:53.248Z] Finishing up request with event=close {"metadata":{"emulator":{"name":"functions"},"function":{"name":"us-central1-placesNearby"},"extension":{},"message":"Finishing up request with event=close"}}
[debug] [2023-11-19T17:47:53.248Z] [work-queue] {"queuedWork":[],"queueLength":0,"runningWork":[],"workRunningCount":0}
[debug] [2023-11-19T17:48:38.328Z] [work-queue] {"queuedWork":["/mealstogo-798f9/us-central1/placesNearby-2023-11-19T17:48:38.328Z"],"queueLength":1,"runningWork":[],"workRunningCount":0}
[debug] [2023-11-19T17:48:38.328Z] [work-queue] {"queuedWork":[],"queueLength":0,"runningWork":["/mealstogo-798f9/us-central1/placesNearby-2023-11-19T17:48:38.328Z"],"workRunningCount":1}
[debug] [2023-11-19T17:48:38.328Z] Accepted request GET /mealstogo-798f9/us-central1/placesNearby?location=43.653225,-79.383186 --> us-central1-placesNearby
[debug] [2023-11-19T17:48:38.338Z] [functions] Runtime ready! Sending request! {"metadata":{"emulator":{"name":"functions"},"message":"[functions] Runtime ready! Sending request!"}}
[debug] [2023-11-19T17:48:38.340Z] [functions] Got req.url=/mealstogo-798f9/us-central1/placesNearby?location=43.653225,-79.383186, mapping to path=/?location=43.653225,-79.383186 {"metadata":{"emulator":{"name":"functions"},"message":"[functions] Got req.url=/mealstogo-798f9/us-central1/placesNearby?location=43.653225,-79.383186, mapping to path=/?location=43.653225,-79.383186"}}
[debug] [2023-11-19T17:48:38.340Z] [worker-pool] submitRequest(triggerId=us-central1-placesNearby) {"metadata":{"emulator":{"name":"functions"},"message":"[worker-pool] submitRequest(triggerId=us-central1-placesNearby)"}}
[info] i  functions: Beginning execution of "us-central1-placesNearby" {"metadata":{"emulator":{"name":"functions"},"function":{"name":"us-central1-placesNearby"},"extension":{},"message":"Beginning execution of \"us-central1-placesNearby\""}}
[debug] [2023-11-19T17:48:38.341Z] [worker-us-central1-placesNearby-b9a93ce3-481e-4afa-a6de-a636ebad28a1]: BUSY {"metadata":{"emulator":{"name":"functions"},"function":{"name":"us-central1-placesNearby"},"extension":{},"message":"[worker-us-central1-placesNearby-b9a93ce3-481e-4afa-a6de-a636ebad28a1]: BUSY"}}
[debug] [2023-11-19T17:48:38.350Z] Finishing up request with event=pause {"metadata":{"emulator":{"name":"functions"},"function":{"name":"us-central1-placesNearby"},"extension":{},"message":"Finishing up request with event=pause"}}
[info] i  functions: Finished "us-central1-placesNearby" in 9.699901ms {"metadata":{"emulator":{"name":"functions"},"function":{"name":"us-central1-placesNearby"},"extension":{},"message":"Finished \"us-central1-placesNearby\" in 9.699901ms"}}
[debug] [2023-11-19T17:48:38.350Z] [worker-us-central1-placesNearby-b9a93ce3-481e-4afa-a6de-a636ebad28a1]: IDLE {"metadata":{"emulator":{"name":"functions"},"function":{"name":"us-central1-placesNearby"},"extension":{},"message":"[worker-us-central1-placesNearby-b9a93ce3-481e-4afa-a6de-a636ebad28a1]: IDLE"}}
[debug] [2023-11-19T17:48:38.351Z] Finishing up request with event=finish {"metadata":{"emulator":{"name":"functions"},"function":{"name":"us-central1-placesNearby"},"extension":{},"message":"Finishing up request with event=finish"}}
[debug] [2023-11-19T17:48:38.351Z] Finishing up request with event=close {"metadata":{"emulator":{"name":"functions"},"function":{"name":"us-central1-placesNearby"},"extension":{},"message":"Finishing up request with event=close"}}
[debug] [2023-11-19T17:48:38.351Z] [work-queue] {"queuedWork":[],"queueLength":0,"runningWork":[],"workRunningCount":0}
[debug] [2023-11-19T17:48:52.697Z] [work-queue] {"queuedWork":["/mealstogo-798f9/us-central1/geoCode-2023-11-19T17:48:52.697Z"],"queueLength":1,"runningWork":[],"workRunningCount":0}
[debug] [2023-11-19T17:48:52.698Z] [work-queue] {"queuedWork":[],"queueLength":0,"runningWork":["/mealstogo-798f9/us-central1/geoCode-2023-11-19T17:48:52.697Z"],"workRunningCount":1}
[debug] [2023-11-19T17:48:52.698Z] Accepted request GET /mealstogo-798f9/us-central1/geoCode?city=toronto --> us-central1-geoCode
[debug] [2023-11-19T17:48:52.704Z] [functions] Runtime ready! Sending request! {"metadata":{"emulator":{"name":"functions"},"message":"[functions] Runtime ready! Sending request!"}}
[debug] [2023-11-19T17:48:52.704Z] [functions] Got req.url=/mealstogo-798f9/us-central1/geoCode?city=toronto, mapping to path=/?city=toronto {"metadata":{"emulator":{"name":"functions"},"message":"[functions] Got req.url=/mealstogo-798f9/us-central1/geoCode?city=toronto, mapping to path=/?city=toronto"}}
[debug] [2023-11-19T17:48:52.713Z] [worker-pool] addWorker(us-central1-geoCode) {"metadata":{"emulator":{"name":"functions"},"message":"[worker-pool] addWorker(us-central1-geoCode)"}}
[debug] [2023-11-19T17:48:52.713Z] [worker-pool] Adding worker with key us-central1-geoCode, total=1 {"metadata":{"emulator":{"name":"functions"},"message":"[worker-pool] Adding worker with key us-central1-geoCode, total=1"}}
[debug] [2023-11-19T17:48:53.988Z] [runtime-status] [43667] Resolved module firebase-admin {"declared":true,"installed":true,"version":"11.11.0","resolution":"/Users/syed/Documents/React2023/mealsToGo/functions/node_modules/firebase-admin/lib/index.js"} {"metadata":{"emulator":{"name":"functions"},"function":{"name":"us-central1-geoCode"},"extension":{},"message":"[runtime-status] [43667] Resolved module firebase-admin {\"declared\":true,\"installed\":true,\"version\":\"11.11.0\",\"resolution\":\"/Users/syed/Documents/React2023/mealsToGo/functions/node_modules/firebase-admin/lib/index.js\"}"}}
[debug] [2023-11-19T17:48:53.989Z] [runtime-status] [43667] Resolved module firebase-functions {"declared":true,"installed":true,"version":"4.5.0","resolution":"/Users/syed/Documents/React2023/mealsToGo/functions/node_modules/firebase-functions/lib/v1/index.js"} {"metadata":{"emulator":{"name":"functions"},"function":{"name":"us-central1-geoCode"},"extension":{},"message":"[runtime-status] [43667] Resolved module firebase-functions {\"declared\":true,\"installed\":true,\"version\":\"4.5.0\",\"resolution\":\"/Users/syed/Documents/React2023/mealsToGo/functions/node_modules/firebase-functions/lib/v1/index.js\"}"}}
[debug] [2023-11-19T17:48:53.989Z] [runtime-status] [43667] Outgoing network have been stubbed. [{"name":"http","status":"mocked"},{"name":"http","status":"mocked"},{"name":"https","status":"mocked"},{"name":"https","status":"mocked"},{"name":"net","status":"mocked"}] {"metadata":{"emulator":{"name":"functions"},"function":{"name":"us-central1-geoCode"},"extension":{},"message":"[runtime-status] [43667] Outgoing network have been stubbed. [{\"name\":\"http\",\"status\":\"mocked\"},{\"name\":\"http\",\"status\":\"mocked\"},{\"name\":\"https\",\"status\":\"mocked\"},{\"name\":\"https\",\"status\":\"mocked\"},{\"name\":\"net\",\"status\":\"mocked\"}]"}}
[debug] [2023-11-19T17:48:53.990Z] [runtime-status] [43667] Resolved module firebase-functions {"declared":true,"installed":true,"version":"4.5.0","resolution":"/Users/syed/Documents/React2023/mealsToGo/functions/node_modules/firebase-functions/lib/v1/index.js"} {"metadata":{"emulator":{"name":"functions"},"function":{"name":"us-central1-geoCode"},"extension":{},"message":"[runtime-status] [43667] Resolved module firebase-functions {\"declared\":true,\"installed\":true,\"version\":\"4.5.0\",\"resolution\":\"/Users/syed/Documents/React2023/mealsToGo/functions/node_modules/firebase-functions/lib/v1/index.js\"}"}}
[debug] [2023-11-19T17:48:54.266Z] [runtime-status] [43667] Checked functions.config() {"config":{}} {"metadata":{"emulator":{"name":"functions"},"function":{"name":"us-central1-geoCode"},"extension":{},"message":"[runtime-status] [43667] Checked functions.config() {\"config\":{}}"}}
[debug] [2023-11-19T17:48:54.266Z] [runtime-status] [43667] firebase-functions has been stubbed. {"functionsResolution":{"declared":true,"installed":true,"version":"4.5.0","resolution":"/Users/syed/Documents/React2023/mealsToGo/functions/node_modules/firebase-functions/lib/v1/index.js"}} {"metadata":{"emulator":{"name":"functions"},"function":{"name":"us-central1-geoCode"},"extension":{},"message":"[runtime-status] [43667] firebase-functions has been stubbed. {\"functionsResolution\":{\"declared\":true,\"installed\":true,\"version\":\"4.5.0\",\"resolution\":\"/Users/syed/Documents/React2023/mealsToGo/functions/node_modules/firebase-functions/lib/v1/index.js\"}}"}}
[debug] [2023-11-19T17:48:54.266Z] [runtime-status] [43667] Resolved module firebase-functions {"declared":true,"installed":true,"version":"4.5.0","resolution":"/Users/syed/Documents/React2023/mealsToGo/functions/node_modules/firebase-functions/lib/v1/index.js"} {"metadata":{"emulator":{"name":"functions"},"function":{"name":"us-central1-geoCode"},"extension":{},"message":"[runtime-status] [43667] Resolved module firebase-functions {\"declared\":true,\"installed\":true,\"version\":\"4.5.0\",\"resolution\":\"/Users/syed/Documents/React2023/mealsToGo/functions/node_modules/firebase-functions/lib/v1/index.js\"}"}}
[debug] [2023-11-19T17:48:54.267Z] [runtime-status] [43667] Resolved module firebase-admin {"declared":true,"installed":true,"version":"11.11.0","resolution":"/Users/syed/Documents/React2023/mealsToGo/functions/node_modules/firebase-admin/lib/index.js"} {"metadata":{"emulator":{"name":"functions"},"function":{"name":"us-central1-geoCode"},"extension":{},"message":"[runtime-status] [43667] Resolved module firebase-admin {\"declared\":true,\"installed\":true,\"version\":\"11.11.0\",\"resolution\":\"/Users/syed/Documents/React2023/mealsToGo/functions/node_modules/firebase-admin/lib/index.js\"}"}}
[debug] [2023-11-19T17:48:54.270Z] [runtime-status] [43667] Resolved module firebase-functions {"declared":true,"installed":true,"version":"4.5.0","resolution":"/Users/syed/Documents/React2023/mealsToGo/functions/node_modules/firebase-functions/lib/v1/index.js"} {"metadata":{"emulator":{"name":"functions"},"function":{"name":"us-central1-geoCode"},"extension":{},"message":"[runtime-status] [43667] Resolved module firebase-functions {\"declared\":true,\"installed\":true,\"version\":\"4.5.0\",\"resolution\":\"/Users/syed/Documents/React2023/mealsToGo/functions/node_modules/firebase-functions/lib/v1/index.js\"}"}}
[debug] [2023-11-19T17:48:54.270Z] [runtime-status] [43667] firebase-admin has been stubbed. {"adminResolution":{"declared":true,"installed":true,"version":"11.11.0","resolution":"/Users/syed/Documents/React2023/mealsToGo/functions/node_modules/firebase-admin/lib/index.js"}} {"metadata":{"emulator":{"name":"functions"},"function":{"name":"us-central1-geoCode"},"extension":{},"message":"[runtime-status] [43667] firebase-admin has been stubbed. {\"adminResolution\":{\"declared\":true,\"installed\":true,\"version\":\"11.11.0\",\"resolution\":\"/Users/syed/Documents/React2023/mealsToGo/functions/node_modules/firebase-admin/lib/index.js\"}}"}}
[debug] [2023-11-19T17:48:54.291Z] [runtime-status] [43667] Functions runtime initialized. {"cwd":"/Users/syed/Documents/React2023/mealsToGo/functions","node_version":"18.17.1"} {"metadata":{"emulator":{"name":"functions"},"function":{"name":"us-central1-geoCode"},"extension":{},"message":"[runtime-status] [43667] Functions runtime initialized. {\"cwd\":\"/Users/syed/Documents/React2023/mealsToGo/functions\",\"node_version\":\"18.17.1\"}"}}
[debug] [2023-11-19T17:48:54.291Z] [runtime-status] [43667] Listening to port: /var/folders/3_/1z131sjs7m54fltsgngxh2kh0000gn/T/fire_emu_f9bc0619e1a51e2b.sock {"metadata":{"emulator":{"name":"functions"},"function":{"name":"us-central1-geoCode"},"extension":{},"message":"[runtime-status] [43667] Listening to port: /var/folders/3_/1z131sjs7m54fltsgngxh2kh0000gn/T/fire_emu_f9bc0619e1a51e2b.sock"}}
[debug] [2023-11-19T17:48:54.338Z] [worker-us-central1-geoCode-e78530ed-34ea-4562-bb9e-1891b23b471b]: IDLE {"metadata":{"emulator":{"name":"functions"},"function":{"name":"us-central1-geoCode"},"extension":{},"message":"[worker-us-central1-geoCode-e78530ed-34ea-4562-bb9e-1891b23b471b]: IDLE"}}
[debug] [2023-11-19T17:48:54.339Z] [worker-pool] submitRequest(triggerId=us-central1-geoCode) {"metadata":{"emulator":{"name":"functions"},"message":"[worker-pool] submitRequest(triggerId=us-central1-geoCode)"}}
[info] i  functions: Beginning execution of "us-central1-geoCode" {"metadata":{"emulator":{"name":"functions"},"function":{"name":"us-central1-geoCode"},"extension":{},"message":"Beginning execution of \"us-central1-geoCode\""}}
[debug] [2023-11-19T17:48:54.339Z] [worker-us-central1-geoCode-e78530ed-34ea-4562-bb9e-1891b23b471b]: BUSY {"metadata":{"emulator":{"name":"functions"},"function":{"name":"us-central1-geoCode"},"extension":{},"message":"[worker-us-central1-geoCode-e78530ed-34ea-4562-bb9e-1891b23b471b]: BUSY"}}
[debug] [2023-11-19T17:48:54.347Z] Finishing up request with event=pause {"metadata":{"emulator":{"name":"functions"},"function":{"name":"us-central1-geoCode"},"extension":{},"message":"Finishing up request with event=pause"}}
[info] i  functions: Finished "us-central1-geoCode" in 7.810022ms {"metadata":{"emulator":{"name":"functions"},"function":{"name":"us-central1-geoCode"},"extension":{},"message":"Finished \"us-central1-geoCode\" in 7.810022ms"}}
[debug] [2023-11-19T17:48:54.347Z] [worker-us-central1-geoCode-e78530ed-34ea-4562-bb9e-1891b23b471b]: IDLE {"metadata":{"emulator":{"name":"functions"},"function":{"name":"us-central1-geoCode"},"extension":{},"message":"[worker-us-central1-geoCode-e78530ed-34ea-4562-bb9e-1891b23b471b]: IDLE"}}
[debug] [2023-11-19T17:48:54.347Z] Finishing up request with event=finish {"metadata":{"emulator":{"name":"functions"},"function":{"name":"us-central1-geoCode"},"extension":{},"message":"Finishing up request with event=finish"}}
[debug] [2023-11-19T17:48:54.347Z] Finishing up request with event=close {"metadata":{"emulator":{"name":"functions"},"function":{"name":"us-central1-geoCode"},"extension":{},"message":"Finishing up request with event=close"}}
[debug] [2023-11-19T17:48:54.348Z] [work-queue] {"queuedWork":[],"queueLength":0,"runningWork":[],"workRunningCount":0}
[debug] [2023-11-19T17:48:54.380Z] [work-queue] {"queuedWork":["/mealstogo-798f9/us-central1/placesNearby-2023-11-19T17:48:54.380Z"],"queueLength":1,"runningWork":[],"workRunningCount":0}
[debug] [2023-11-19T17:48:54.381Z] [work-queue] {"queuedWork":[],"queueLength":0,"runningWork":["/mealstogo-798f9/us-central1/placesNearby-2023-11-19T17:48:54.380Z"],"workRunningCount":1}
[debug] [2023-11-19T17:48:54.381Z] Accepted request GET /mealstogo-798f9/us-central1/placesNearby?location=43.653225,-79.383186 --> us-central1-placesNearby
[debug] [2023-11-19T17:48:54.383Z] [functions] Runtime ready! Sending request! {"metadata":{"emulator":{"name":"functions"},"message":"[functions] Runtime ready! Sending request!"}}
[debug] [2023-11-19T17:48:54.384Z] [functions] Got req.url=/mealstogo-798f9/us-central1/placesNearby?location=43.653225,-79.383186, mapping to path=/?location=43.653225,-79.383186 {"metadata":{"emulator":{"name":"functions"},"message":"[functions] Got req.url=/mealstogo-798f9/us-central1/placesNearby?location=43.653225,-79.383186, mapping to path=/?location=43.653225,-79.383186"}}
[debug] [2023-11-19T17:48:54.384Z] [worker-pool] submitRequest(triggerId=us-central1-placesNearby) {"metadata":{"emulator":{"name":"functions"},"message":"[worker-pool] submitRequest(triggerId=us-central1-placesNearby)"}}
[info] i  functions: Beginning execution of "us-central1-placesNearby" {"metadata":{"emulator":{"name":"functions"},"function":{"name":"us-central1-placesNearby"},"extension":{},"message":"Beginning execution of \"us-central1-placesNearby\""}}
[debug] [2023-11-19T17:48:54.384Z] [worker-us-central1-placesNearby-b9a93ce3-481e-4afa-a6de-a636ebad28a1]: BUSY {"metadata":{"emulator":{"name":"functions"},"function":{"name":"us-central1-placesNearby"},"extension":{},"message":"[worker-us-central1-placesNearby-b9a93ce3-481e-4afa-a6de-a636ebad28a1]: BUSY"}}
[debug] [2023-11-19T17:48:54.388Z] Finishing up request with event=pause {"metadata":{"emulator":{"name":"functions"},"function":{"name":"us-central1-placesNearby"},"extension":{},"message":"Finishing up request with event=pause"}}
[info] i  functions: Finished "us-central1-placesNearby" in 3.863003ms {"metadata":{"emulator":{"name":"functions"},"function":{"name":"us-central1-placesNearby"},"extension":{},"message":"Finished \"us-central1-placesNearby\" in 3.863003ms"}}
[debug] [2023-11-19T17:48:54.388Z] [worker-us-central1-placesNearby-b9a93ce3-481e-4afa-a6de-a636ebad28a1]: IDLE {"metadata":{"emulator":{"name":"functions"},"function":{"name":"us-central1-placesNearby"},"extension":{},"message":"[worker-us-central1-placesNearby-b9a93ce3-481e-4afa-a6de-a636ebad28a1]: IDLE"}}
[debug] [2023-11-19T17:48:54.389Z] Finishing up request with event=finish {"metadata":{"emulator":{"name":"functions"},"function":{"name":"us-central1-placesNearby"},"extension":{},"message":"Finishing up request with event=finish"}}
[debug] [2023-11-19T17:48:54.389Z] Finishing up request with event=close {"metadata":{"emulator":{"name":"functions"},"function":{"name":"us-central1-placesNearby"},"extension":{},"message":"Finishing up request with event=close"}}
[debug] [2023-11-19T17:48:54.389Z] [work-queue] {"queuedWork":[],"queueLength":0,"runningWork":[],"workRunningCount":0}
